<?xml version="1.0" encoding="UTF-8"?>
<testsuite xmlns:xsi="http://www.w3.org/2001/XMLSchema-instance" xsi:noNamespaceSchemaLocation="https://maven.apache.org/surefire/maven-surefire-plugin/xsd/surefire-test-report-3.0.xsd" version="3.0" name="TestSuite" time="13.89" tests="1" errors="0" skipped="0" failures="0">
  <properties>
[...]
</properties>
  <testcase name="openGoogle" classname="com.mycompany.cicd.Apptest" time="1.066">
    <system-out><![CDATA[Today's date is: Wed Sep 23 21:30:37 EDT 2026
Lincoln Test Case Execution .... Google Home Page
Page title: Google
Test Passed: Title contains Google
]]></system-out>
    <system-err><![CDATA[SLF4J: Failed to load class "org.slf4j.impl.StaticLoggerBinder".
SLF4J: Defaulting to no-operation (NOP) logger implementation
SLF4J: See http://www.slf4j.org/codes.html#StaticLoggerBinder for further details.
Sep 23, 2026 9:30:31 PM org.openqa.selenium.manager.SeleniumManager lambda$runCommand$0
WARNING: Error sending stats to Plausible: error sending request for url (https://plausible.io/api/event)
Sep 23, 2026 9:30:35 PM org.openqa.selenium.devtools.CdpVersionFinder findNearestMatch
WARNING: Unable to find an exact match for CDP version 153, returning the closest version; found: 149; Please update to a Selenium version that supports CDP version 153
]]></system-err>
  </testcase>
</testsuite>