<?xml version="1.0" encoding="UTF-8"?>
<testng-results ignored="0" total="1" passed="1" failed="0" skipped="0">
  <reporter-output>
  </reporter-output>
  <suite started-at="2026-09-23T21:30:23 EDT" name="MyTestSuite" finished-at="2026-09-23T21:30:37 EDT" duration-ms="13424">
    <groups>
    </groups>
    <test started-at="2026-09-23T21:30:23 EDT" name="FunctionalTest1" finished-at="2026-09-23T21:30:37 EDT" duration-ms="13424">
      <class name="com.mycompany.cicd.Apptest">
        <test-method is-config="true" signature="setup()[pri:0, instance:com.mycompany.cicd.Apptest@7334aada]" started-at="2026-09-23T21:30:23 EDT" name="setup" finished-at="2026-09-23T21:30:35 EDT" duration-ms="12129" status="PASS">
          <reporter-output>
          </reporter-output>
        </test-method> <!-- setup -->
        <test-method signature="openGoogle()[pri:0, instance:com.mycompany.cicd.Apptest@7334aada]" started-at="2026-09-23T21:30:36 EDT" name="openGoogle" finished-at="2026-09-23T21:30:37 EDT" duration-ms="1062" status="PASS">
          <reporter-output>
          </reporter-output>
        </test-method> <!-- openGoogle -->
        <test-method is-config="true" signature="teardown()[pri:0, instance:com.mycompany.cicd.Apptest@7334aada]" started-at="2026-09-23T21:30:37 EDT" name="teardown" finished-at="2026-09-23T21:30:37 EDT" duration-ms="188" status="PASS">
          <reporter-output>
          </reporter-output>
        </test-method> <!-- teardown -->
      </class> <!-- com.mycompany.cicd.Apptest -->
    </test> <!-- FunctionalTest1 -->
  </suite> <!-- MyTestSuite -->
</testng-results>
